<?xml version="1.0" encoding="UTF-8"?>
<testng-results ignored="0" total="1" passed="1" failed="0" skipped="0">
  <reporter-output>
  </reporter-output>
  <suite started-at="2019-07-28T11:03:26Z" name="Default suite" finished-at="2019-07-28T11:03:35Z" duration-ms="8082">
    <groups>
    </groups>
    <test started-at="2019-07-28T11:03:26Z" name="Default test" finished-at="2019-07-28T11:03:35Z" duration-ms="8082">
      <class name="Script.SmokeTest">
        <test-method is-config="true" signature="intiate(java.lang.String)[pri:0, instance:Script.SmokeTest@3c153a1]" started-at="2019-07-28T11:03:26Z" name="intiate" finished-at="2019-07-28T11:03:33Z" duration-ms="6791" status="PASS">
          <params>
            <param index="0">
              <value>
                <![CDATA[C:\\Users\\sachi\\Documents\\InputTest\\BaseFile.xlsx]]>
              </value>
            </param>
          </params>
          <reporter-output>
          </reporter-output>
        </test-method> <!-- intiate -->
        <test-method signature="f()[pri:0, instance:Script.SmokeTest@3c153a1]" started-at="2019-07-28T11:03:33Z" name="f" finished-at="2019-07-28T11:03:34Z" duration-ms="535" status="PASS">
          <reporter-output>
          </reporter-output>
        </test-method> <!-- f -->
        <test-method is-config="true" signature="TearDown()[pri:0, instance:Script.SmokeTest@3c153a1]" started-at="2019-07-28T11:03:34Z" name="TearDown" finished-at="2019-07-28T11:03:35Z" duration-ms="721" status="PASS">
          <reporter-output>
          </reporter-output>
        </test-method> <!-- TearDown -->
      </class> <!-- Script.SmokeTest -->
    </test> <!-- Default test -->
  </suite> <!-- Default suite -->
</testng-results>
